C:\Program Files\Microsoft Visual Studio\2022\Community\MSBuild\Microsoft\VC\v170\Microsoft.CppBuild.targets(517,5): warning MSB8004: Output Directory does not end with a trailing slash.  This build instance will add the slash as it is required to allow proper evaluation of the Output Directory.
  Compiling CUDA source file diffusionSimulationRPY.cu...
  
  E:\code\BeadModel_py\nanoporelib\nanoporelib>"C:\Program Files\NVIDIA GPU Computing Toolkit\CUDA\v11.8\bin\nvcc.exe" -gencode=arch=compute_52,code=\"sm_52,compute_52\" --use-local-env -ccbin "C:\Program Files\Microsoft Visual Studio\2022\Community\VC\Tools\MSVC\14.37.32822\bin\HostX64\x64" -x cu   -I"C:\Users\LiYu\CppLibrary\eigen\eigen-3.4.0" -I"C:\Users\LiYu\CppLibrary\eigen\EigenRand-0.5.0" -IE:\code\BeadModel_py\nanoporelib\nanoporelib\include -I"C:\Program Files\NVIDIA GPU Computing Toolkit\CUDA\v11.8\include"     --keep-dir x64\Release  -maxrregcount=0  --machine 64 --compile -cudart static    -DNDEBUG -DNANOPORELIB_EXPORTS -D_WINDOWS -D_USRDLL -D_WINDLL -D_UNICODE -DUNICODE -Xcompiler "/EHsc /W3 /nologo /O2 /Fdx64\Release\vc143.pdb /FS   /MD " -o E:\code\BeadModel_py\nanoporelib\nanoporelib\x64\Release\diffusionSimulationRPY.cu.obj "E:\code\BeadModel_py\nanoporelib\nanoporelib\diffusionSimulationRPY.cu" 
  device_functions.h is an internal header file and must not be used directly.  This file will be removed in a future CUDA release.  Please use cuda_runtime_api.h or cuda_runtime.h instead.
E:\code\BeadModel_py\nanoporelib\nanoporelib\diffusionSimulationRPY.cu(21): warning #550-D: variable "R" was set but never used
  
E:\code\BeadModel_py\nanoporelib\nanoporelib\diffusionSimulationRPY.cu(186): warning #1215-D: function "tex2D(texture<T, 2, cudaReadModeElementType>, float, float) [with T=float2]"
  C:\Program Files\NVIDIA GPU Computing Toolkit\CUDA\v11.8\include\texture_fetch_functions.h(198): here was declared deprecated
  
  diffusionSimulationRPY.cu
  device_functions.h is an internal header file and must not be used directly.  This file will be removed in a future CUDA release.  Please use cuda_runtime_api.h or cuda_runtime.h instead.
E:\code\BeadModel_py\nanoporelib\nanoporelib\diffusionSimulationRPY.cu(241): warning C4996: 'cudaMemcpyToArray': was declared deprecated
E:\code\BeadModel_py\nanoporelib\nanoporelib\diffusionSimulationRPY.cu(246): warning C4996: 'cudaBindTextureToArray': was declared deprecated
E:\code\BeadModel_py\nanoporelib\nanoporelib\diffusionSimulationRPY.cu(301): warning C4996: 'cudaUnbindTexture': was declared deprecated
C:/Program Files/NVIDIA GPU Computing Toolkit/CUDA/v11.8/include\cuda_runtime.h(1726): warning C4996: 'cudaBindTextureToArray': was declared deprecated
  E:\code\BeadModel_py\nanoporelib\nanoporelib\diffusionSimulationRPY.cu(246): note: see reference to function template instantiation 'cudaError_t cudaBindTextureToArray<float2,2,cudaReadModeElementType>(const texture<float2,2,cudaReadModeElementType> &,cudaArray_const_t)' being compiled
C:/Program Files/NVIDIA GPU Computing Toolkit/CUDA/v11.8/include\cuda_runtime.h(1846): warning C4996: 'cudaUnbindTexture': was declared deprecated
  E:\code\BeadModel_py\nanoporelib\nanoporelib\diffusionSimulationRPY.cu(301): note: see reference to function template instantiation 'cudaError_t cudaUnbindTexture<float2,2,cudaReadModeElementType>(const texture<float2,2,cudaReadModeElementType> &)' being compiled
C:/Program Files/NVIDIA GPU Computing Toolkit/CUDA/v11.8/include\cuda_runtime.h(1685): warning C4996: 'cudaBindTextureToArray': was declared deprecated
  C:/Program Files/NVIDIA GPU Computing Toolkit/CUDA/v11.8/include\cuda_runtime.h(1726): note: see reference to function template instantiation 'cudaError_t cudaBindTextureToArray<float2,2,cudaReadModeElementType>(const texture<float2,2,cudaReadModeElementType> &,cudaArray_const_t,const cudaChannelFormatDesc &)' being compiled
  E:\code\BeadModel_py\nanoporelib\nanoporelib\diffusionSimulationRPY.cu(246): note: see reference to function template instantiation 'cudaError_t cudaBindTextureToArray<float2,2,cudaReadModeElementType>(const texture<float2,2,cudaReadModeElementType> &,cudaArray_const_t)' being compiled
     Creating library E:\code\BeadModel_py\lib\nanoporelib.lib and object E:\code\BeadModel_py\lib\nanoporelib.exp
  Generating code
  Previous IPDB and IOBJ mismatch, fall back to full compilation.
  All 13659 functions were compiled because no usable IPDB/IOBJ from previous compilation was found.
  Finished generating code
  nanoporelib.vcxproj -> E:\code\BeadModel_py\lib\nanoporelib.dll
